<?xml version="1.0" encoding="UTF-8"?>
<!-- Generated by org.testng.reporters.JUnitReportReporter -->
<testsuite skipped="0" hostname="DESKTOP-A1KSHQC" name="KindredGroup.Unibet.betPlacementScenario" tests="4" failures="0" timestamp="21 Apr 2021 11:24:39 GMT" time="36.642" errors="0">
  <testcase name="navigation" time="33.470" classname="KindredGroup.Unibet.betPlacementScenario"/>
  <testcase name="nextToGo" time="0.593" classname="KindredGroup.Unibet.betPlacementScenario"/>
  <testcase name="clickOnLowPrice" time="2.039" classname="KindredGroup.Unibet.betPlacementScenario"/>
  <testcase name="betSlip" time="0.540" classname="KindredGroup.Unibet.betPlacementScenario"/>
</testsuite> <!-- KindredGroup.Unibet.betPlacementScenario -->
