<?xml version="1.0" encoding="UTF-8"?>
<!-- Generated by org.testng.reporters.JUnitReportReporter -->
<testsuite skipped="0" hostname="DESKTOP-A1KSHQC" name="Test.SearchTest" tests="5" failures="0" timestamp="02 May 2021 11:24:44 GMT" time="2.034" errors="0">
  <testcase name="test_case1" time="1.253" classname="Test.SearchTest"/>
  <testcase name="test_case2" time="0.078" classname="Test.SearchTest"/>
  <testcase name="test_case3" time="0.288" classname="Test.SearchTest"/>
  <testcase name="test_case4" time="0.187" classname="Test.SearchTest"/>
  <testcase name="test_case5" time="0.228" classname="Test.SearchTest"/>
</testsuite> <!-- Test.SearchTest -->
